<?xml version="1.0" encoding="UTF-8"?>
<testsuite xmlns:xsi="http://www.w3.org/2001/XMLSchema-instance" xsi:noNamespaceSchemaLocation="https://maven.apache.org/surefire/maven-surefire-plugin/xsd/surefire-test-report.xsd" version="3.0.2" name="com.parkhere.reservation.controller.StreamLambdaHandlerTest" time="4.728" tests="2" errors="0" skipped="0" failures="0">
  <properties>
    <property name="java.specification.version" value="17"/>
    <property name="sun.jnu.encoding" value="UTF-8"/>
    <property name="java.class.path" value="/Users/satyav/Documents/satya resume/parkhere/reservation/target/test-classes:/Users/satyav/Documents/satya resume/parkhere/reservation/target/classes:/Users/satyav/.m2/repository/com/amazonaws/serverless/aws-serverless-java-container-springboot3/2.1.1/aws-serverless-java-container-springboot3-2.1.1.jar:/Users/satyav/.m2/repository/org/springframework/cloud/spring-cloud-function-serverless-web/4.1.4/spring-cloud-function-serverless-web-4.1.4.jar:/Users/satyav/.m2/repository/com/amazonaws/serverless/aws-serverless-java-container-core/2.1.1/aws-serverless-java-container-core-2.1.1.jar:/Users/satyav/.m2/repository/org/slf4j/slf4j-api/2.0.16/slf4j-api-2.0.16.jar:/Users/satyav/.m2/repository/org/springframework/boot/spring-boot-starter-validation/3.4.1/spring-boot-starter-validation-3.4.1.jar:/Users/satyav/.m2/repository/org/springframework/boot/spring-boot-starter/3.4.1/spring-boot-starter-3.4.1.jar:/Users/satyav/.m2/repository/org/springframework/boot/spring-boot/3.4.1/spring-boot-3.4.1.jar:/Users/satyav/.m2/repository/org/springframework/boot/spring-boot-autoconfigure/3.4.1/spring-boot-autoconfigure-3.4.1.jar:/Users/satyav/.m2/repository/org/springframework/boot/spring-boot-starter-logging/3.4.1/spring-boot-starter-logging-3.4.1.jar:/Users/satyav/.m2/repository/ch/qos/logback/logback-classic/1.5.12/logback-classic-1.5.12.jar:/Users/satyav/.m2/repository/ch/qos/logback/logback-core/1.5.12/logback-core-1.5.12.jar:/Users/satyav/.m2/repository/org/apache/logging/log4j/log4j-to-slf4j/2.24.3/log4j-to-slf4j-2.24.3.jar:/Users/satyav/.m2/repository/org/apache/logging/log4j/log4j-api/2.24.3/log4j-api-2.24.3.jar:/Users/satyav/.m2/repository/org/slf4j/jul-to-slf4j/2.0.16/jul-to-slf4j-2.0.16.jar:/Users/satyav/.m2/repository/jakarta/annotation/jakarta.annotation-api/2.1.1/jakarta.annotation-api-2.1.1.jar:/Users/satyav/.m2/repository/org/springframework/spring-core/6.2.1/spring-core-6.2.1.jar:/Users/satyav/.m2/repository/org/springframework/spring-jcl/6.2.1/spring-jcl-6.2.1.jar:/Users/satyav/.m2/repository/org/yaml/snakeyaml/2.3/snakeyaml-2.3.jar:/Users/satyav/.m2/repository/org/apache/tomcat/embed/tomcat-embed-el/10.1.34/tomcat-embed-el-10.1.34.jar:/Users/satyav/.m2/repository/org/hibernate/validator/hibernate-validator/8.0.2.Final/hibernate-validator-8.0.2.Final.jar:/Users/satyav/.m2/repository/jakarta/validation/jakarta.validation-api/3.0.2/jakarta.validation-api-3.0.2.jar:/Users/satyav/.m2/repository/org/jboss/logging/jboss-logging/3.6.1.Final/jboss-logging-3.6.1.Final.jar:/Users/satyav/.m2/repository/com/fasterxml/classmate/1.7.0/classmate-1.7.0.jar:/Users/satyav/.m2/repository/org/projectlombok/lombok/1.18.36/lombok-1.18.36.jar:/Users/satyav/.m2/repository/com/amazonaws/serverless/aws-serverless-java-container-core/2.1.1/aws-serverless-java-container-core-2.1.1-tests.jar:/Users/satyav/.m2/repository/com/amazonaws/aws-lambda-java-core/1.2.3/aws-lambda-java-core-1.2.3.jar:/Users/satyav/.m2/repository/jakarta/servlet/jakarta.servlet-api/6.0.0/jakarta.servlet-api-6.0.0.jar:/Users/satyav/.m2/repository/jakarta/ws/rs/jakarta.ws.rs-api/3.1.0/jakarta.ws.rs-api-3.1.0.jar:/Users/satyav/.m2/repository/com/fasterxml/jackson/core/jackson-databind/2.18.2/jackson-databind-2.18.2.jar:/Users/satyav/.m2/repository/com/fasterxml/jackson/core/jackson-annotations/2.18.2/jackson-annotations-2.18.2.jar:/Users/satyav/.m2/repository/com/fasterxml/jackson/core/jackson-core/2.18.2/jackson-core-2.18.2.jar:/Users/satyav/.m2/repository/com/fasterxml/jackson/module/jackson-module-afterburner/2.18.2/jackson-module-afterburner-2.18.2.jar:/Users/satyav/.m2/repository/org/apache/commons/commons-fileupload2-jakarta-servlet6/2.0.0-M2/commons-fileupload2-jakarta-servlet6-2.0.0-M2.jar:/Users/satyav/.m2/repository/org/apache/commons/commons-fileupload2-core/2.0.0-M2/commons-fileupload2-core-2.0.0-M2.jar:/Users/satyav/.m2/repository/commons-io/commons-io/2.15.1/commons-io-2.15.1.jar:/Users/satyav/.m2/repository/org/apache/httpcomponents/client5/httpclient5/5.4.1/httpclient5-5.4.1.jar:/Users/satyav/.m2/repository/org/apache/httpcomponents/core5/httpcore5/5.3.1/httpcore5-5.3.1.jar:/Users/satyav/.m2/repository/org/apache/httpcomponents/core5/httpcore5-h2/5.3.1/httpcore5-h2-5.3.1.jar:/Users/satyav/.m2/repository/software/amazon/awssdk/eventbridge/2.30.4/eventbridge-2.30.4.jar:/Users/satyav/.m2/repository/software/amazon/awssdk/protocol-core/2.30.4/protocol-core-2.30.4.jar:/Users/satyav/.m2/repository/software/amazon/awssdk/aws-json-protocol/2.30.4/aws-json-protocol-2.30.4.jar:/Users/satyav/.m2/repository/software/amazon/awssdk/third-party-jackson-core/2.30.4/third-party-jackson-core-2.30.4.jar:/Users/satyav/.m2/repository/software/amazon/awssdk/http-auth/2.30.4/http-auth-2.30.4.jar:/Users/satyav/.m2/repository/software/amazon/awssdk/http-auth-aws/2.30.4/http-auth-aws-2.30.4.jar:/Users/satyav/.m2/repository/software/amazon/awssdk/checksums-spi/2.30.4/checksums-spi-2.30.4.jar:/Users/satyav/.m2/repository/software/amazon/awssdk/checksums/2.30.4/checksums-2.30.4.jar:/Users/satyav/.m2/repository/software/amazon/awssdk/sdk-core/2.30.4/sdk-core-2.30.4.jar:/Users/satyav/.m2/repository/software/amazon/awssdk/retries/2.30.4/retries-2.30.4.jar:/Users/satyav/.m2/repository/org/reactivestreams/reactive-streams/1.0.4/reactive-streams-1.0.4.jar:/Users/satyav/.m2/repository/software/amazon/awssdk/auth/2.30.4/auth-2.30.4.jar:/Users/satyav/.m2/repository/software/amazon/awssdk/http-auth-aws-eventstream/2.30.4/http-auth-aws-eventstream-2.30.4.jar:/Users/satyav/.m2/repository/software/amazon/eventstream/eventstream/1.0.1/eventstream-1.0.1.jar:/Users/satyav/.m2/repository/software/amazon/awssdk/http-auth-spi/2.30.4/http-auth-spi-2.30.4.jar:/Users/satyav/.m2/repository/software/amazon/awssdk/identity-spi/2.30.4/identity-spi-2.30.4.jar:/Users/satyav/.m2/repository/software/amazon/awssdk/http-client-spi/2.30.4/http-client-spi-2.30.4.jar:/Users/satyav/.m2/repository/software/amazon/awssdk/regions/2.30.4/regions-2.30.4.jar:/Users/satyav/.m2/repository/software/amazon/awssdk/annotations/2.30.4/annotations-2.30.4.jar:/Users/satyav/.m2/repository/software/amazon/awssdk/utils/2.30.4/utils-2.30.4.jar:/Users/satyav/.m2/repository/software/amazon/awssdk/aws-core/2.30.4/aws-core-2.30.4.jar:/Users/satyav/.m2/repository/software/amazon/awssdk/metrics-spi/2.30.4/metrics-spi-2.30.4.jar:/Users/satyav/.m2/repository/software/amazon/awssdk/json-utils/2.30.4/json-utils-2.30.4.jar:/Users/satyav/.m2/repository/software/amazon/awssdk/endpoints-spi/2.30.4/endpoints-spi-2.30.4.jar:/Users/satyav/.m2/repository/software/amazon/awssdk/retries-spi/2.30.4/retries-spi-2.30.4.jar:/Users/satyav/.m2/repository/software/amazon/awssdk/apache-client/2.30.4/apache-client-2.30.4.jar:/Users/satyav/.m2/repository/org/apache/httpcomponents/httpclient/4.5.13/httpclient-4.5.13.jar:/Users/satyav/.m2/repository/commons-logging/commons-logging/1.2/commons-logging-1.2.jar:/Users/satyav/.m2/repository/org/apache/httpcomponents/httpcore/4.4.16/httpcore-4.4.16.jar:/Users/satyav/.m2/repository/commons-codec/commons-codec/1.17.1/commons-codec-1.17.1.jar:/Users/satyav/.m2/repository/software/amazon/awssdk/netty-nio-client/2.30.4/netty-nio-client-2.30.4.jar:/Users/satyav/.m2/repository/io/netty/netty-codec-http/4.1.116.Final/netty-codec-http-4.1.116.Final.jar:/Users/satyav/.m2/repository/io/netty/netty-codec-http2/4.1.116.Final/netty-codec-http2-4.1.116.Final.jar:/Users/satyav/.m2/repository/io/netty/netty-codec/4.1.116.Final/netty-codec-4.1.116.Final.jar:/Users/satyav/.m2/repository/io/netty/netty-transport/4.1.116.Final/netty-transport-4.1.116.Final.jar:/Users/satyav/.m2/repository/io/netty/netty-common/4.1.116.Final/netty-common-4.1.116.Final.jar:/Users/satyav/.m2/repository/io/netty/netty-buffer/4.1.116.Final/netty-buffer-4.1.116.Final.jar:/Users/satyav/.m2/repository/io/netty/netty-handler/4.1.116.Final/netty-handler-4.1.116.Final.jar:/Users/satyav/.m2/repository/io/netty/netty-transport-native-unix-common/4.1.116.Final/netty-transport-native-unix-common-4.1.116.Final.jar:/Users/satyav/.m2/repository/io/netty/netty-transport-classes-epoll/4.1.116.Final/netty-transport-classes-epoll-4.1.116.Final.jar:/Users/satyav/.m2/repository/io/netty/netty-resolver/4.1.116.Final/netty-resolver-4.1.116.Final.jar:/Users/satyav/.m2/repository/software/amazon/awssdk/dynamodb/2.30.4/dynamodb-2.30.4.jar:/Users/satyav/.m2/repository/software/amazon/awssdk/profiles/2.30.4/profiles-2.30.4.jar:/Users/satyav/.m2/repository/org/springframework/boot/spring-boot-starter-web/3.4.1/spring-boot-starter-web-3.4.1.jar:/Users/satyav/.m2/repository/org/springframework/boot/spring-boot-starter-json/3.4.1/spring-boot-starter-json-3.4.1.jar:/Users/satyav/.m2/repository/com/fasterxml/jackson/datatype/jackson-datatype-jdk8/2.18.2/jackson-datatype-jdk8-2.18.2.jar:/Users/satyav/.m2/repository/com/fasterxml/jackson/datatype/jackson-datatype-jsr310/2.18.2/jackson-datatype-jsr310-2.18.2.jar:/Users/satyav/.m2/repository/com/fasterxml/jackson/module/jackson-module-parameter-names/2.18.2/jackson-module-parameter-names-2.18.2.jar:/Users/satyav/.m2/repository/org/springframework/spring-web/6.2.1/spring-web-6.2.1.jar:/Users/satyav/.m2/repository/org/springframework/spring-beans/6.2.1/spring-beans-6.2.1.jar:/Users/satyav/.m2/repository/io/micrometer/micrometer-observation/1.14.2/micrometer-observation-1.14.2.jar:/Users/satyav/.m2/repository/io/micrometer/micrometer-commons/1.14.2/micrometer-commons-1.14.2.jar:/Users/satyav/.m2/repository/org/springframework/spring-webmvc/6.2.1/spring-webmvc-6.2.1.jar:/Users/satyav/.m2/repository/org/springframework/spring-aop/6.2.1/spring-aop-6.2.1.jar:/Users/satyav/.m2/repository/org/springframework/spring-context/6.2.1/spring-context-6.2.1.jar:/Users/satyav/.m2/repository/org/springframework/spring-expression/6.2.1/spring-expression-6.2.1.jar:/Users/satyav/.m2/repository/org/junit/jupiter/junit-jupiter/5.11.4/junit-jupiter-5.11.4.jar:/Users/satyav/.m2/repository/org/junit/jupiter/junit-jupiter-api/5.11.4/junit-jupiter-api-5.11.4.jar:/Users/satyav/.m2/repository/org/opentest4j/opentest4j/1.3.0/opentest4j-1.3.0.jar:/Users/satyav/.m2/repository/org/junit/platform/junit-platform-commons/1.11.4/junit-platform-commons-1.11.4.jar:/Users/satyav/.m2/repository/org/apiguardian/apiguardian-api/1.1.2/apiguardian-api-1.1.2.jar:/Users/satyav/.m2/repository/org/junit/jupiter/junit-jupiter-params/5.11.4/junit-jupiter-params-5.11.4.jar:/Users/satyav/.m2/repository/org/junit/jupiter/junit-jupiter-engine/5.11.4/junit-jupiter-engine-5.11.4.jar:/Users/satyav/.m2/repository/org/junit/platform/junit-platform-engine/1.11.4/junit-platform-engine-1.11.4.jar:/Users/satyav/.m2/repository/org/mockito/mockito-core/5.14.2/mockito-core-5.14.2.jar:/Users/satyav/.m2/repository/net/bytebuddy/byte-buddy/1.15.11/byte-buddy-1.15.11.jar:/Users/satyav/.m2/repository/net/bytebuddy/byte-buddy-agent/1.15.11/byte-buddy-agent-1.15.11.jar:/Users/satyav/.m2/repository/org/objenesis/objenesis/3.3/objenesis-3.3.jar:"/>
    <property name="java.vm.vendor" value="Oracle Corporation"/>
    <property name="sun.arch.data.model" value="64"/>
    <property name="java.vendor.url" value="https://java.oracle.com/"/>
    <property name="user.timezone" value="Europe/Berlin"/>
    <property name="org.jboss.logging.provider" value="slf4j"/>
    <property name="os.name" value="Mac OS X"/>
    <property name="java.vm.specification.version" value="17"/>
    <property name="sun.java.launcher" value="SUN_STANDARD"/>
    <property name="user.country" value="DE"/>
    <property name="sun.boot.library.path" value="/Library/Java/JavaVirtualMachines/jdk-17.0.4.1.jdk/Contents/Home/lib"/>
    <property name="sun.java.command" value="/Users/satyav/Documents/satya resume/parkhere/reservation/target/surefire/surefirebooter-20250201142649190_3.jar /Users/satyav/Documents/satya resume/parkhere/reservation/target/surefire 2025-02-01T14-26-49_019-jvmRun1 surefire-20250201142649190_1tmp surefire_0-20250201142649190_2tmp"/>
    <property name="http.nonProxyHosts" value="local|*.local|169.254/16|*.169.254/16"/>
    <property name="jdk.debug" value="release"/>
    <property name="surefire.test.class.path" value="/Users/satyav/Documents/satya resume/parkhere/reservation/target/test-classes:/Users/satyav/Documents/satya resume/parkhere/reservation/target/classes:/Users/satyav/.m2/repository/com/amazonaws/serverless/aws-serverless-java-container-springboot3/2.1.1/aws-serverless-java-container-springboot3-2.1.1.jar:/Users/satyav/.m2/repository/org/springframework/cloud/spring-cloud-function-serverless-web/4.1.4/spring-cloud-function-serverless-web-4.1.4.jar:/Users/satyav/.m2/repository/com/amazonaws/serverless/aws-serverless-java-container-core/2.1.1/aws-serverless-java-container-core-2.1.1.jar:/Users/satyav/.m2/repository/org/slf4j/slf4j-api/2.0.16/slf4j-api-2.0.16.jar:/Users/satyav/.m2/repository/org/springframework/boot/spring-boot-starter-validation/3.4.1/spring-boot-starter-validation-3.4.1.jar:/Users/satyav/.m2/repository/org/springframework/boot/spring-boot-starter/3.4.1/spring-boot-starter-3.4.1.jar:/Users/satyav/.m2/repository/org/springframework/boot/spring-boot/3.4.1/spring-boot-3.4.1.jar:/Users/satyav/.m2/repository/org/springframework/boot/spring-boot-autoconfigure/3.4.1/spring-boot-autoconfigure-3.4.1.jar:/Users/satyav/.m2/repository/org/springframework/boot/spring-boot-starter-logging/3.4.1/spring-boot-starter-logging-3.4.1.jar:/Users/satyav/.m2/repository/ch/qos/logback/logback-classic/1.5.12/logback-classic-1.5.12.jar:/Users/satyav/.m2/repository/ch/qos/logback/logback-core/1.5.12/logback-core-1.5.12.jar:/Users/satyav/.m2/repository/org/apache/logging/log4j/log4j-to-slf4j/2.24.3/log4j-to-slf4j-2.24.3.jar:/Users/satyav/.m2/repository/org/apache/logging/log4j/log4j-api/2.24.3/log4j-api-2.24.3.jar:/Users/satyav/.m2/repository/org/slf4j/jul-to-slf4j/2.0.16/jul-to-slf4j-2.0.16.jar:/Users/satyav/.m2/repository/jakarta/annotation/jakarta.annotation-api/2.1.1/jakarta.annotation-api-2.1.1.jar:/Users/satyav/.m2/repository/org/springframework/spring-core/6.2.1/spring-core-6.2.1.jar:/Users/satyav/.m2/repository/org/springframework/spring-jcl/6.2.1/spring-jcl-6.2.1.jar:/Users/satyav/.m2/repository/org/yaml/snakeyaml/2.3/snakeyaml-2.3.jar:/Users/satyav/.m2/repository/org/apache/tomcat/embed/tomcat-embed-el/10.1.34/tomcat-embed-el-10.1.34.jar:/Users/satyav/.m2/repository/org/hibernate/validator/hibernate-validator/8.0.2.Final/hibernate-validator-8.0.2.Final.jar:/Users/satyav/.m2/repository/jakarta/validation/jakarta.validation-api/3.0.2/jakarta.validation-api-3.0.2.jar:/Users/satyav/.m2/repository/org/jboss/logging/jboss-logging/3.6.1.Final/jboss-logging-3.6.1.Final.jar:/Users/satyav/.m2/repository/com/fasterxml/classmate/1.7.0/classmate-1.7.0.jar:/Users/satyav/.m2/repository/org/projectlombok/lombok/1.18.36/lombok-1.18.36.jar:/Users/satyav/.m2/repository/com/amazonaws/serverless/aws-serverless-java-container-core/2.1.1/aws-serverless-java-container-core-2.1.1-tests.jar:/Users/satyav/.m2/repository/com/amazonaws/aws-lambda-java-core/1.2.3/aws-lambda-java-core-1.2.3.jar:/Users/satyav/.m2/repository/jakarta/servlet/jakarta.servlet-api/6.0.0/jakarta.servlet-api-6.0.0.jar:/Users/satyav/.m2/repository/jakarta/ws/rs/jakarta.ws.rs-api/3.1.0/jakarta.ws.rs-api-3.1.0.jar:/Users/satyav/.m2/repository/com/fasterxml/jackson/core/jackson-databind/2.18.2/jackson-databind-2.18.2.jar:/Users/satyav/.m2/repository/com/fasterxml/jackson/core/jackson-annotations/2.18.2/jackson-annotations-2.18.2.jar:/Users/satyav/.m2/repository/com/fasterxml/jackson/core/jackson-core/2.18.2/jackson-core-2.18.2.jar:/Users/satyav/.m2/repository/com/fasterxml/jackson/module/jackson-module-afterburner/2.18.2/jackson-module-afterburner-2.18.2.jar:/Users/satyav/.m2/repository/org/apache/commons/commons-fileupload2-jakarta-servlet6/2.0.0-M2/commons-fileupload2-jakarta-servlet6-2.0.0-M2.jar:/Users/satyav/.m2/repository/org/apache/commons/commons-fileupload2-core/2.0.0-M2/commons-fileupload2-core-2.0.0-M2.jar:/Users/satyav/.m2/repository/commons-io/commons-io/2.15.1/commons-io-2.15.1.jar:/Users/satyav/.m2/repository/org/apache/httpcomponents/client5/httpclient5/5.4.1/httpclient5-5.4.1.jar:/Users/satyav/.m2/repository/org/apache/httpcomponents/core5/httpcore5/5.3.1/httpcore5-5.3.1.jar:/Users/satyav/.m2/repository/org/apache/httpcomponents/core5/httpcore5-h2/5.3.1/httpcore5-h2-5.3.1.jar:/Users/satyav/.m2/repository/software/amazon/awssdk/eventbridge/2.30.4/eventbridge-2.30.4.jar:/Users/satyav/.m2/repository/software/amazon/awssdk/protocol-core/2.30.4/protocol-core-2.30.4.jar:/Users/satyav/.m2/repository/software/amazon/awssdk/aws-json-protocol/2.30.4/aws-json-protocol-2.30.4.jar:/Users/satyav/.m2/repository/software/amazon/awssdk/third-party-jackson-core/2.30.4/third-party-jackson-core-2.30.4.jar:/Users/satyav/.m2/repository/software/amazon/awssdk/http-auth/2.30.4/http-auth-2.30.4.jar:/Users/satyav/.m2/repository/software/amazon/awssdk/http-auth-aws/2.30.4/http-auth-aws-2.30.4.jar:/Users/satyav/.m2/repository/software/amazon/awssdk/checksums-spi/2.30.4/checksums-spi-2.30.4.jar:/Users/satyav/.m2/repository/software/amazon/awssdk/checksums/2.30.4/checksums-2.30.4.jar:/Users/satyav/.m2/repository/software/amazon/awssdk/sdk-core/2.30.4/sdk-core-2.30.4.jar:/Users/satyav/.m2/repository/software/amazon/awssdk/retries/2.30.4/retries-2.30.4.jar:/Users/satyav/.m2/repository/org/reactivestreams/reactive-streams/1.0.4/reactive-streams-1.0.4.jar:/Users/satyav/.m2/repository/software/amazon/awssdk/auth/2.30.4/auth-2.30.4.jar:/Users/satyav/.m2/repository/software/amazon/awssdk/http-auth-aws-eventstream/2.30.4/http-auth-aws-eventstream-2.30.4.jar:/Users/satyav/.m2/repository/software/amazon/eventstream/eventstream/1.0.1/eventstream-1.0.1.jar:/Users/satyav/.m2/repository/software/amazon/awssdk/http-auth-spi/2.30.4/http-auth-spi-2.30.4.jar:/Users/satyav/.m2/repository/software/amazon/awssdk/identity-spi/2.30.4/identity-spi-2.30.4.jar:/Users/satyav/.m2/repository/software/amazon/awssdk/http-client-spi/2.30.4/http-client-spi-2.30.4.jar:/Users/satyav/.m2/repository/software/amazon/awssdk/regions/2.30.4/regions-2.30.4.jar:/Users/satyav/.m2/repository/software/amazon/awssdk/annotations/2.30.4/annotations-2.30.4.jar:/Users/satyav/.m2/repository/software/amazon/awssdk/utils/2.30.4/utils-2.30.4.jar:/Users/satyav/.m2/repository/software/amazon/awssdk/aws-core/2.30.4/aws-core-2.30.4.jar:/Users/satyav/.m2/repository/software/amazon/awssdk/metrics-spi/2.30.4/metrics-spi-2.30.4.jar:/Users/satyav/.m2/repository/software/amazon/awssdk/json-utils/2.30.4/json-utils-2.30.4.jar:/Users/satyav/.m2/repository/software/amazon/awssdk/endpoints-spi/2.30.4/endpoints-spi-2.30.4.jar:/Users/satyav/.m2/repository/software/amazon/awssdk/retries-spi/2.30.4/retries-spi-2.30.4.jar:/Users/satyav/.m2/repository/software/amazon/awssdk/apache-client/2.30.4/apache-client-2.30.4.jar:/Users/satyav/.m2/repository/org/apache/httpcomponents/httpclient/4.5.13/httpclient-4.5.13.jar:/Users/satyav/.m2/repository/commons-logging/commons-logging/1.2/commons-logging-1.2.jar:/Users/satyav/.m2/repository/org/apache/httpcomponents/httpcore/4.4.16/httpcore-4.4.16.jar:/Users/satyav/.m2/repository/commons-codec/commons-codec/1.17.1/commons-codec-1.17.1.jar:/Users/satyav/.m2/repository/software/amazon/awssdk/netty-nio-client/2.30.4/netty-nio-client-2.30.4.jar:/Users/satyav/.m2/repository/io/netty/netty-codec-http/4.1.116.Final/netty-codec-http-4.1.116.Final.jar:/Users/satyav/.m2/repository/io/netty/netty-codec-http2/4.1.116.Final/netty-codec-http2-4.1.116.Final.jar:/Users/satyav/.m2/repository/io/netty/netty-codec/4.1.116.Final/netty-codec-4.1.116.Final.jar:/Users/satyav/.m2/repository/io/netty/netty-transport/4.1.116.Final/netty-transport-4.1.116.Final.jar:/Users/satyav/.m2/repository/io/netty/netty-common/4.1.116.Final/netty-common-4.1.116.Final.jar:/Users/satyav/.m2/repository/io/netty/netty-buffer/4.1.116.Final/netty-buffer-4.1.116.Final.jar:/Users/satyav/.m2/repository/io/netty/netty-handler/4.1.116.Final/netty-handler-4.1.116.Final.jar:/Users/satyav/.m2/repository/io/netty/netty-transport-native-unix-common/4.1.116.Final/netty-transport-native-unix-common-4.1.116.Final.jar:/Users/satyav/.m2/repository/io/netty/netty-transport-classes-epoll/4.1.116.Final/netty-transport-classes-epoll-4.1.116.Final.jar:/Users/satyav/.m2/repository/io/netty/netty-resolver/4.1.116.Final/netty-resolver-4.1.116.Final.jar:/Users/satyav/.m2/repository/software/amazon/awssdk/dynamodb/2.30.4/dynamodb-2.30.4.jar:/Users/satyav/.m2/repository/software/amazon/awssdk/profiles/2.30.4/profiles-2.30.4.jar:/Users/satyav/.m2/repository/org/springframework/boot/spring-boot-starter-web/3.4.1/spring-boot-starter-web-3.4.1.jar:/Users/satyav/.m2/repository/org/springframework/boot/spring-boot-starter-json/3.4.1/spring-boot-starter-json-3.4.1.jar:/Users/satyav/.m2/repository/com/fasterxml/jackson/datatype/jackson-datatype-jdk8/2.18.2/jackson-datatype-jdk8-2.18.2.jar:/Users/satyav/.m2/repository/com/fasterxml/jackson/datatype/jackson-datatype-jsr310/2.18.2/jackson-datatype-jsr310-2.18.2.jar:/Users/satyav/.m2/repository/com/fasterxml/jackson/module/jackson-module-parameter-names/2.18.2/jackson-module-parameter-names-2.18.2.jar:/Users/satyav/.m2/repository/org/springframework/spring-web/6.2.1/spring-web-6.2.1.jar:/Users/satyav/.m2/repository/org/springframework/spring-beans/6.2.1/spring-beans-6.2.1.jar:/Users/satyav/.m2/repository/io/micrometer/micrometer-observation/1.14.2/micrometer-observation-1.14.2.jar:/Users/satyav/.m2/repository/io/micrometer/micrometer-commons/1.14.2/micrometer-commons-1.14.2.jar:/Users/satyav/.m2/repository/org/springframework/spring-webmvc/6.2.1/spring-webmvc-6.2.1.jar:/Users/satyav/.m2/repository/org/springframework/spring-aop/6.2.1/spring-aop-6.2.1.jar:/Users/satyav/.m2/repository/org/springframework/spring-context/6.2.1/spring-context-6.2.1.jar:/Users/satyav/.m2/repository/org/springframework/spring-expression/6.2.1/spring-expression-6.2.1.jar:/Users/satyav/.m2/repository/org/junit/jupiter/junit-jupiter/5.11.4/junit-jupiter-5.11.4.jar:/Users/satyav/.m2/repository/org/junit/jupiter/junit-jupiter-api/5.11.4/junit-jupiter-api-5.11.4.jar:/Users/satyav/.m2/repository/org/opentest4j/opentest4j/1.3.0/opentest4j-1.3.0.jar:/Users/satyav/.m2/repository/org/junit/platform/junit-platform-commons/1.11.4/junit-platform-commons-1.11.4.jar:/Users/satyav/.m2/repository/org/apiguardian/apiguardian-api/1.1.2/apiguardian-api-1.1.2.jar:/Users/satyav/.m2/repository/org/junit/jupiter/junit-jupiter-params/5.11.4/junit-jupiter-params-5.11.4.jar:/Users/satyav/.m2/repository/org/junit/jupiter/junit-jupiter-engine/5.11.4/junit-jupiter-engine-5.11.4.jar:/Users/satyav/.m2/repository/org/junit/platform/junit-platform-engine/1.11.4/junit-platform-engine-1.11.4.jar:/Users/satyav/.m2/repository/org/mockito/mockito-core/5.14.2/mockito-core-5.14.2.jar:/Users/satyav/.m2/repository/net/bytebuddy/byte-buddy/1.15.11/byte-buddy-1.15.11.jar:/Users/satyav/.m2/repository/net/bytebuddy/byte-buddy-agent/1.15.11/byte-buddy-agent-1.15.11.jar:/Users/satyav/.m2/repository/org/objenesis/objenesis/3.3/objenesis-3.3.jar:"/>
    <property name="sun.cpu.endian" value="little"/>
    <property name="user.home" value="/Users/satyav"/>
    <property name="user.language" value="en"/>
    <property name="java.specification.vendor" value="Oracle Corporation"/>
    <property name="java.version.date" value="2022-08-18"/>
    <property name="java.home" value="/Library/Java/JavaVirtualMachines/jdk-17.0.4.1.jdk/Contents/Home"/>
    <property name="file.separator" value="/"/>
    <property name="basedir" value="/Users/satyav/Documents/satya resume/parkhere/reservation"/>
    <property name="java.vm.compressedOopsMode" value="Zero based"/>
    <property name="line.separator" value="&#10;"/>
    <property name="java.vm.specification.vendor" value="Oracle Corporation"/>
    <property name="java.specification.name" value="Java Platform API Specification"/>
    <property name="FILE_LOG_CHARSET" value="US-ASCII"/>
    <property name="java.awt.headless" value="true"/>
    <property name="surefire.real.class.path" value="/Users/satyav/Documents/satya resume/parkhere/reservation/target/surefire/surefirebooter-20250201142649190_3.jar"/>
    <property name="sun.management.compiler" value="HotSpot 64-Bit Tiered Compilers"/>
    <property name="ftp.nonProxyHosts" value="local|*.local|169.254/16|*.169.254/16"/>
    <property name="java.runtime.version" value="17.0.4.1+1-LTS-2"/>
    <property name="user.name" value="satyav"/>
    <property name="path.separator" value=":"/>
    <property name="os.version" value="14.5"/>
    <property name="java.runtime.name" value="Java(TM) SE Runtime Environment"/>
    <property name="file.encoding" value="US-ASCII"/>
    <property name="java.vm.name" value="Java HotSpot(TM) 64-Bit Server VM"/>
    <property name="localRepository" value="/Users/satyav/.m2/repository"/>
    <property name="java.vendor.url.bug" value="https://bugreport.java.com/bugreport/"/>
    <property name="java.io.tmpdir" value="/var/folders/h5/qcp3xypn4fj7_3xx6q44r8lc0000gn/T/"/>
    <property name="idea.version" value="2022.2.5"/>
    <property name="java.version" value="17.0.4.1"/>
    <property name="user.dir" value="/Users/satyav/Documents/satya resume/parkhere/reservation"/>
    <property name="os.arch" value="x86_64"/>
    <property name="java.vm.specification.name" value="Java Virtual Machine Specification"/>
    <property name="PID" value="44690"/>
    <property name="CONSOLE_LOG_CHARSET" value="US-ASCII"/>
    <property name="native.encoding" value="US-ASCII"/>
    <property name="java.library.path" value="/Users/satyav/Library/Java/Extensions:/Library/Java/Extensions:/Network/Library/Java/Extensions:/System/Library/Java/Extensions:/usr/lib/java:."/>
    <property name="java.vm.info" value="mixed mode, sharing"/>
    <property name="java.vendor" value="Oracle Corporation"/>
    <property name="java.vm.version" value="17.0.4.1+1-LTS-2"/>
    <property name="sun.io.unicode.encoding" value="UnicodeBig"/>
    <property name="socksNonProxyHosts" value="local|*.local|169.254/16|*.169.254/16"/>
    <property name="java.class.version" value="61.0"/>
  </properties>
  <testcase name="ping_streamRequest_respondsWithHello" classname="com.parkhere.reservation.controller.StreamLambdaHandlerTest" time="0.194">
    <system-out><![CDATA[14:26:50.750 [main] INFO com.amazonaws.serverless.proxy.internal.LambdaContainerHandler -- Starting Lambda Container Handler

  .   ____          _            __ _ _
 /\\ / ___'_ __ _ _(_)_ __  __ _ \ \ \ \
( ( )\___ | '_ | '_| | '_ \/ _` | \ \ \ \
 \\/  ___)| |_)| | | | | || (_| |  ) ) ) )
  '  |____| .__|_| |_|_| |_\__, | / / / /
 =========|_|==============|___/=/_/_/_/

 :: Spring Boot ::                (v3.4.1)

2025-02-01T14:26:51.700+01:00  INFO 44690 --- [           main] o.a.maven.surefire.booter.ForkedBooter   : Starting ForkedBooter v3.5.2 using Java 17.0.4.1 with PID 44690 (started by satyav in /Users/satyav/Documents/satya resume/parkhere/reservation)
2025-02-01T14:26:51.702+01:00  INFO 44690 --- [           main] o.a.maven.surefire.booter.ForkedBooter   : No active profile set, falling back to 1 default profile: "default"
2025-02-01T14:26:53.049+01:00  INFO 44690 --- [           main] c.a.s.p.i.servlet.AwsServletContext      : Initializing Spring embedded WebApplicationContext
2025-02-01T14:26:53.053+01:00  INFO 44690 --- [           main] w.s.c.ServletWebServerApplicationContext : Root WebApplicationContext: initialization completed in 1266 ms
2025-02-01T14:26:54.817+01:00  INFO 44690 --- [           main] o.a.maven.surefire.booter.ForkedBooter   : Started ForkedBooter in 3.733 seconds (process running for 5.463)
2025-02-01T14:26:54.824+01:00  INFO 44690 --- [           main] c.a.s.p.i.servlet.AwsServletContext      : Initializing Spring DispatcherServlet 'dispatcherServlet'
2025-02-01T14:26:54.825+01:00  INFO 44690 --- [           main] o.s.web.servlet.DispatcherServlet        : Initializing Servlet 'dispatcherServlet'
2025-02-01T14:26:54.826+01:00  INFO 44690 --- [           main] o.s.web.servlet.DispatcherServlet        : Completed initialization in 1 ms
2025-02-01T14:26:54.991+01:00  INFO 44690 --- [           main] c.a.s.p.internal.LambdaContainerHandler  : 127.0.0.1 null- null [01/02/2025:13:26:54+0100] "GET /ping HTTP/1.1" 200 24 "-" "-" combined
]]></system-out>
  </testcase>
  <testcase name="invalidResource_streamRequest_responds404" classname="com.parkhere.reservation.controller.StreamLambdaHandlerTest" time="0.019">
    <system-out><![CDATA[2025-02-01T14:26:55.035+01:00  WARN 44690 --- [           main] o.s.web.servlet.PageNotFound             : No mapping for GET /pong
2025-02-01T14:26:55.048+01:00  INFO 44690 --- [           main] c.a.s.p.internal.LambdaContainerHandler  : 127.0.0.1 null- null [01/02/2025:13:26:55+0100] "GET /pong HTTP/1.1" 500 75 "-" "-" combined
]]></system-out>
  </testcase>
</testsuite>